<?xml version="1.0" encoding="UTF-8"?>
<!-- Generated by org.testng.reporters.JUnitReportReporter -->
<testsuite hostname="LAPTOP-7TSBCCPS" failures="0" tests="6" name="adactin.Adactintestng" time="2.832" errors="1" timestamp="2022-10-19T20:57:02 IST" skipped="5">
  <testcase classname="adactin.Adactintestng" name="selecthotel" time="0.000">
    <skipped/>
  </testcase> <!-- selecthotel -->
  <system-out/>
  <testcase classname="adactin.Adactintestng" name="beforeClass" time="2.832">
    <error message="session not created: This version of ChromeDriver only supports Chrome version 94
Current browser version is 106.0.5249.119 with binary path C:\Program Files\Google\Chrome\Application\chrome.exe
Build info: version: &#039;3.141.59&#039;, revision: &#039;e82be7d358&#039;, time: &#039;2018-11-14T08:25:48&#039;
System info: host: &#039;LAPTOP-7TSBCCPS&#039;, ip: &#039;192.168.0.186&#039;, os.name: &#039;Windows 11&#039;, os.arch: &#039;amd64&#039;, os.version: &#039;10.0&#039;, java.version: &#039;11.0.14&#039;
Driver info: driver.version: ChromeDriver
remote stacktrace: Backtrace:
	Ordinal0 [0x010ABDE3+2473443]
	Ordinal0 [0x01046661+2057825]
	Ordinal0 [0x00F52438+1057848]
	Ordinal0 [0x00F7054A+1181002]
	Ordinal0 [0x00F6C435+1164341]
	Ordinal0 [0x00F69CAF+1154223]
	Ordinal0 [0x00F99ADF+1350367]
	Ordinal0 [0x00F9974A+1349450]
	Ordinal0 [0x00F955AB+1332651]
	Ordinal0 [0x00F72104+1188100]
	Ordinal0 [0x00F72F59+1191769]
	GetHandleVerifier [0x01232266+1549718]
	GetHandleVerifier [0x012DD4A7+2250711]
	GetHandleVerifier [0x0113718B+521403]
	GetHandleVerifier [0x01136229+517465]
	Ordinal0 [0x0104B79D+2078621]
	Ordinal0 [0x0104FB58+2095960]
	Ordinal0 [0x0104FC92+2096274]
	Ordinal0 [0x01059541+2135361]
	BaseThreadInitThunk [0x76567BA9+25]
	RtlInitializeExceptionChain [0x76FBBB3B+107]
	RtlClearBits [0x76FBBABF+191]
" type="org.openqa.selenium.SessionNotCreatedException">
      <![CDATA[org.openqa.selenium.SessionNotCreatedException: session not created: This version of ChromeDriver only supports Chrome version 94
Current browser version is 106.0.5249.119 with binary path C:\Program Files\Google\Chrome\Application\chrome.exe
Build info: version: '3.141.59', revision: 'e82be7d358', time: '2018-11-14T08:25:48'
System info: host: 'LAPTOP-7TSBCCPS', ip: '192.168.0.186', os.name: 'Windows 11', os.arch: 'amd64', os.version: '10.0', java.version: '11.0.14'
Driver info: driver.version: ChromeDriver
remote stacktrace: Backtrace:
Ordinal0 [0x010ABDE3+2473443]
Ordinal0 [0x01046661+2057825]
Ordinal0 [0x00F52438+1057848]
Ordinal0 [0x00F7054A+1181002]
Ordinal0 [0x00F6C435+1164341]
Ordinal0 [0x00F69CAF+1154223]
Ordinal0 [0x00F99ADF+1350367]
Ordinal0 [0x00F9974A+1349450]
Ordinal0 [0x00F955AB+1332651]
Ordinal0 [0x00F72104+1188100]
Ordinal0 [0x00F72F59+1191769]
GetHandleVerifier [0x01232266+1549718]
GetHandleVerifier [0x012DD4A7+2250711]
GetHandleVerifier [0x0113718B+521403]
GetHandleVerifier [0x01136229+517465]
Ordinal0 [0x0104B79D+2078621]
Ordinal0 [0x0104FB58+2095960]
Ordinal0 [0x0104FC92+2096274]
Ordinal0 [0x01059541+2135361]
BaseThreadInitThunk [0x76567BA9+25]
RtlInitializeExceptionChain [0x76FBBB3B+107]
RtlClearBits [0x76FBBABF+191]

at java.base/jdk.internal.reflect.NativeConstructorAccessorImpl.newInstance0(Native Method)
at java.base/jdk.internal.reflect.NativeConstructorAccessorImpl.newInstance(NativeConstructorAccessorImpl.java:62)
at java.base/jdk.internal.reflect.DelegatingConstructorAccessorImpl.newInstance(DelegatingConstructorAccessorImpl.java:45)
at java.base/java.lang.reflect.Constructor.newInstance(Constructor.java:490)
at org.openqa.selenium.remote.W3CHandshakeResponse.lambda$errorHandler$0(W3CHandshakeResponse.java:62)
at org.openqa.selenium.remote.HandshakeResponse.lambda$getResponseFunction$0(HandshakeResponse.java:30)
at org.openqa.selenium.remote.ProtocolHandshake.lambda$createSession$0(ProtocolHandshake.java:126)
at java.base/java.util.stream.ReferencePipeline$3$1.accept(ReferencePipeline.java:195)
at java.base/java.util.Spliterators$ArraySpliterator.tryAdvance(Spliterators.java:958)
at java.base/java.util.stream.ReferencePipeline.forEachWithCancel(ReferencePipeline.java:127)
at java.base/java.util.stream.AbstractPipeline.copyIntoWithCancel(AbstractPipeline.java:502)
at java.base/java.util.stream.AbstractPipeline.copyInto(AbstractPipeline.java:488)
at java.base/java.util.stream.AbstractPipeline.wrapAndCopyInto(AbstractPipeline.java:474)
at java.base/java.util.stream.FindOps$FindOp.evaluateSequential(FindOps.java:150)
at java.base/java.util.stream.AbstractPipeline.evaluate(AbstractPipeline.java:234)
at java.base/java.util.stream.ReferencePipeline.findFirst(ReferencePipeline.java:543)
at org.openqa.selenium.remote.ProtocolHandshake.createSession(ProtocolHandshake.java:128)
at org.openqa.selenium.remote.ProtocolHandshake.createSession(ProtocolHandshake.java:74)
at org.openqa.selenium.remote.HttpCommandExecutor.execute(HttpCommandExecutor.java:136)
at org.openqa.selenium.remote.service.DriverCommandExecutor.execute(DriverCommandExecutor.java:83)
at org.openqa.selenium.remote.RemoteWebDriver.execute(RemoteWebDriver.java:552)
at org.openqa.selenium.remote.RemoteWebDriver.startSession(RemoteWebDriver.java:213)
at org.openqa.selenium.remote.RemoteWebDriver.<init>(RemoteWebDriver.java:131)
at org.openqa.selenium.chrome.ChromeDriver.<init>(ChromeDriver.java:181)
at org.openqa.selenium.chrome.ChromeDriver.<init>(ChromeDriver.java:168)
at org.openqa.selenium.chrome.ChromeDriver.<init>(ChromeDriver.java:123)
at adactin.Adactintestng.beforeClass(Adactintestng.java:87)
at java.base/jdk.internal.reflect.NativeMethodAccessorImpl.invoke0(Native Method)
at java.base/jdk.internal.reflect.NativeMethodAccessorImpl.invoke(NativeMethodAccessorImpl.java:62)
at java.base/jdk.internal.reflect.DelegatingMethodAccessorImpl.invoke(DelegatingMethodAccessorImpl.java:43)
at java.base/java.lang.reflect.Method.invoke(Method.java:566)
at org.testng.internal.MethodInvocationHelper.invokeMethod(MethodInvocationHelper.java:133)
at org.testng.internal.MethodInvocationHelper.invokeMethodConsideringTimeout(MethodInvocationHelper.java:62)
at org.testng.internal.ConfigInvoker.invokeConfigurationMethod(ConfigInvoker.java:385)
at org.testng.internal.ConfigInvoker.invokeConfigurations(ConfigInvoker.java:321)
at org.testng.internal.TestMethodWorker.invokeBeforeClassMethods(TestMethodWorker.java:176)
at org.testng.internal.TestMethodWorker.run(TestMethodWorker.java:122)
at java.base/java.util.ArrayList.forEach(ArrayList.java:1541)
at org.testng.TestRunner.privateRun(TestRunner.java:794)
at org.testng.TestRunner.run(TestRunner.java:596)
at org.testng.SuiteRunner.runTest(SuiteRunner.java:377)
at org.testng.SuiteRunner.runSequentially(SuiteRunner.java:371)
at org.testng.SuiteRunner.privateRun(SuiteRunner.java:332)
at org.testng.SuiteRunner.run(SuiteRunner.java:276)
at org.testng.SuiteRunnerWorker.runSuite(SuiteRunnerWorker.java:53)
at org.testng.SuiteRunnerWorker.run(SuiteRunnerWorker.java:96)
at org.testng.TestNG.runSuitesSequentially(TestNG.java:1212)
at org.testng.TestNG.runSuitesLocally(TestNG.java:1134)
at org.testng.TestNG.runSuites(TestNG.java:1063)
at org.testng.TestNG.run(TestNG.java:1031)
at org.testng.remote.AbstractRemoteTestNG.run(AbstractRemoteTestNG.java:115)
at org.testng.remote.RemoteTestNG.initAndRun(RemoteTestNG.java:251)
at org.testng.remote.RemoteTestNG.main(RemoteTestNG.java:77)
]]>
    </error>
  </testcase> <!-- beforeClass -->
  <system-out/>
  <testcase classname="adactin.Adactintestng" name="bookhotel" time="0.000">
    <skipped/>
  </testcase> <!-- bookhotel -->
  <system-out/>
  <testcase classname="adactin.Adactintestng" name="newregistration" time="0.000">
    <skipped/>
  </testcase> <!-- newregistration -->
  <system-out/>
  <testcase classname="adactin.Adactintestng" name="login" time="0.000">
    <skipped/>
  </testcase> <!-- login -->
  <system-out/>
  <testcase classname="adactin.Adactintestng" name="Searchhotel" time="0.000">
    <skipped/>
  </testcase> <!-- Searchhotel -->
  <system-out/>
</testsuite> <!-- adactin.Adactintestng -->
