<?xml version="1.0" encoding="UTF-8"?>
<!-- Generated by org.testng.reporters.JUnitXMLReporter -->
<testsuite ignored="0" hostname="LAPTOP-7TSBCCPS" failures="0" tests="10" name="Test" time="2.921" errors="0" timestamp="2021-11-18T18:59:28 IST">
  <testcase classname="adactin.AAdactintestng" name="@BeforeClass beforeClass" time="1.757">
    <failure type="org.openqa.selenium.SessionNotCreatedException" message="session not created: This version of ChromeDriver only supports Chrome version 94
Current browser version is 96.0.4664.45 with binary path C:\Program Files\Google\Chrome\Application\chrome.exe
Build info: version: &amp;apos;3.141.59&amp;apos;, revision: &amp;apos;e82be7d358&amp;apos;, time: &amp;apos;2018-11-14T08:25:48&amp;apos;
System info: host: &amp;apos;LAPTOP-7TSBCCPS&amp;apos;, ip: &amp;apos;192.168.0.12&amp;apos;, os.name: &amp;apos;Windows 10&amp;apos;, os.arch: &amp;apos;amd64&amp;apos;, os.version: &amp;apos;10.0&amp;apos;, java.version: &amp;apos;16.0.2&amp;apos;
Driver info: driver.version: ChromeDriver
remote stacktrace: Backtrace:
	Ordinal0 [0x00E6BDE3+2473443]
	Ordinal0 [0x00E06661+2057825]
	Ordinal0 [0x00D12438+1057848]
	Ordinal0 [0x00D3054A+1181002]
	Ordinal0 [0x00D2C435+1164341]
	Ordinal0 [0x00D29CAF+1154223]
	Ordinal0 [0x00D59ADF+1350367]
	Ordinal0 [0x00D5974A+1349450]
	Ordinal0 [0x00D555AB+1332651]
	Ordinal0 [0x00D32104+1188100]
	Ordinal0 [0x00D32F59+1191769]
	GetHandleVerifier [0x00FF2266+1549718]
	GetHandleVerifier [0x0109D4A7+2250711]
	GetHandleVerifier [0x00EF718B+521403]
	GetHandleVerifier [0x00EF6229+517465]
	Ordinal0 [0x00E0B79D+2078621]
	Ordinal0 [0x00E0FB58+2095960]
	Ordinal0 [0x00E0FC92+2096274]
	Ordinal0 [0x00E19541+2135361]
	BaseThreadInitThunk [0x76AC6739+25]
	RtlGetFullPathName_UEx [0x77698AFF+1215]
	RtlGetFullPathName_UEx [0x77698ACD+1165]
">
      <![CDATA[org.openqa.selenium.SessionNotCreatedException: session not created: This version of ChromeDriver only supports Chrome version 94
Current browser version is 96.0.4664.45 with binary path C:\Program Files\Google\Chrome\Application\chrome.exe
Build info: version: '3.141.59', revision: 'e82be7d358', time: '2018-11-14T08:25:48'
System info: host: 'LAPTOP-7TSBCCPS', ip: '192.168.0.12', os.name: 'Windows 10', os.arch: 'amd64', os.version: '10.0', java.version: '16.0.2'
Driver info: driver.version: ChromeDriver
remote stacktrace: Backtrace:
Ordinal0 [0x00E6BDE3+2473443]
Ordinal0 [0x00E06661+2057825]
Ordinal0 [0x00D12438+1057848]
Ordinal0 [0x00D3054A+1181002]
Ordinal0 [0x00D2C435+1164341]
Ordinal0 [0x00D29CAF+1154223]
Ordinal0 [0x00D59ADF+1350367]
Ordinal0 [0x00D5974A+1349450]
Ordinal0 [0x00D555AB+1332651]
Ordinal0 [0x00D32104+1188100]
Ordinal0 [0x00D32F59+1191769]
GetHandleVerifier [0x00FF2266+1549718]
GetHandleVerifier [0x0109D4A7+2250711]
GetHandleVerifier [0x00EF718B+521403]
GetHandleVerifier [0x00EF6229+517465]
Ordinal0 [0x00E0B79D+2078621]
Ordinal0 [0x00E0FB58+2095960]
Ordinal0 [0x00E0FC92+2096274]
Ordinal0 [0x00E19541+2135361]
BaseThreadInitThunk [0x76AC6739+25]
RtlGetFullPathName_UEx [0x77698AFF+1215]
RtlGetFullPathName_UEx [0x77698ACD+1165]

at org.openqa.selenium.remote.W3CHandshakeResponse.lambda$errorHandler$0(W3CHandshakeResponse.java:62)
at org.openqa.selenium.remote.HandshakeResponse.lambda$getResponseFunction$0(HandshakeResponse.java:30)
at org.openqa.selenium.remote.ProtocolHandshake.lambda$createSession$0(ProtocolHandshake.java:126)
at java.base/java.util.stream.ReferencePipeline$3$1.accept(ReferencePipeline.java:197)
at java.base/java.util.Spliterators$ArraySpliterator.tryAdvance(Spliterators.java:958)
at java.base/java.util.stream.ReferencePipeline.forEachWithCancel(ReferencePipeline.java:129)
at java.base/java.util.stream.AbstractPipeline.copyIntoWithCancel(AbstractPipeline.java:502)
at java.base/java.util.stream.AbstractPipeline.copyInto(AbstractPipeline.java:488)
at java.base/java.util.stream.AbstractPipeline.wrapAndCopyInto(AbstractPipeline.java:474)
at java.base/java.util.stream.FindOps$FindOp.evaluateSequential(FindOps.java:150)
at java.base/java.util.stream.AbstractPipeline.evaluate(AbstractPipeline.java:234)
at java.base/java.util.stream.ReferencePipeline.findFirst(ReferencePipeline.java:647)
at org.openqa.selenium.remote.ProtocolHandshake.createSession(ProtocolHandshake.java:128)
at org.openqa.selenium.remote.ProtocolHandshake.createSession(ProtocolHandshake.java:74)
at org.openqa.selenium.remote.HttpCommandExecutor.execute(HttpCommandExecutor.java:136)
at org.openqa.selenium.remote.service.DriverCommandExecutor.execute(DriverCommandExecutor.java:83)
at org.openqa.selenium.remote.RemoteWebDriver.execute(RemoteWebDriver.java:552)
at org.openqa.selenium.remote.RemoteWebDriver.startSession(RemoteWebDriver.java:213)
at org.openqa.selenium.remote.RemoteWebDriver.<init>(RemoteWebDriver.java:131)
at org.openqa.selenium.chrome.ChromeDriver.<init>(ChromeDriver.java:181)
at org.openqa.selenium.chrome.ChromeDriver.<init>(ChromeDriver.java:168)
at org.openqa.selenium.chrome.ChromeDriver.<init>(ChromeDriver.java:123)
at adactin.AAdactintestng.beforeClass(AAdactintestng.java:90)
at java.base/java.util.ArrayList.forEach(ArrayList.java:1511)
... Removed 30 stack frames]]>
    </failure>
  </testcase> <!-- @BeforeClass beforeClass -->
  <testcase classname="adactin.AAdactintestng" name="@AfterClass afterClass" time="-1.637242167828E9">
    <skipped/>
  </testcase> <!-- @AfterClass afterClass -->
  <testcase classname="adactin.Adactintestng" name="@BeforeClass beforeClass" time="1.071">
    <failure type="org.openqa.selenium.SessionNotCreatedException" message="session not created: This version of ChromeDriver only supports Chrome version 94
Current browser version is 96.0.4664.45 with binary path C:\Program Files\Google\Chrome\Application\chrome.exe
Build info: version: &amp;apos;3.141.59&amp;apos;, revision: &amp;apos;e82be7d358&amp;apos;, time: &amp;apos;2018-11-14T08:25:48&amp;apos;
System info: host: &amp;apos;LAPTOP-7TSBCCPS&amp;apos;, ip: &amp;apos;192.168.0.12&amp;apos;, os.name: &amp;apos;Windows 10&amp;apos;, os.arch: &amp;apos;amd64&amp;apos;, os.version: &amp;apos;10.0&amp;apos;, java.version: &amp;apos;16.0.2&amp;apos;
Driver info: driver.version: ChromeDriver
remote stacktrace: Backtrace:
	Ordinal0 [0x00E6BDE3+2473443]
	Ordinal0 [0x00E06661+2057825]
	Ordinal0 [0x00D12438+1057848]
	Ordinal0 [0x00D3054A+1181002]
	Ordinal0 [0x00D2C435+1164341]
	Ordinal0 [0x00D29CAF+1154223]
	Ordinal0 [0x00D59ADF+1350367]
	Ordinal0 [0x00D5974A+1349450]
	Ordinal0 [0x00D555AB+1332651]
	Ordinal0 [0x00D32104+1188100]
	Ordinal0 [0x00D32F59+1191769]
	GetHandleVerifier [0x00FF2266+1549718]
	GetHandleVerifier [0x0109D4A7+2250711]
	GetHandleVerifier [0x00EF718B+521403]
	GetHandleVerifier [0x00EF6229+517465]
	Ordinal0 [0x00E0B79D+2078621]
	Ordinal0 [0x00E0FB58+2095960]
	Ordinal0 [0x00E0FC92+2096274]
	Ordinal0 [0x00E19541+2135361]
	BaseThreadInitThunk [0x76AC6739+25]
	RtlGetFullPathName_UEx [0x77698AFF+1215]
	RtlGetFullPathName_UEx [0x77698ACD+1165]
">
      <![CDATA[org.openqa.selenium.SessionNotCreatedException: session not created: This version of ChromeDriver only supports Chrome version 94
Current browser version is 96.0.4664.45 with binary path C:\Program Files\Google\Chrome\Application\chrome.exe
Build info: version: '3.141.59', revision: 'e82be7d358', time: '2018-11-14T08:25:48'
System info: host: 'LAPTOP-7TSBCCPS', ip: '192.168.0.12', os.name: 'Windows 10', os.arch: 'amd64', os.version: '10.0', java.version: '16.0.2'
Driver info: driver.version: ChromeDriver
remote stacktrace: Backtrace:
Ordinal0 [0x00E6BDE3+2473443]
Ordinal0 [0x00E06661+2057825]
Ordinal0 [0x00D12438+1057848]
Ordinal0 [0x00D3054A+1181002]
Ordinal0 [0x00D2C435+1164341]
Ordinal0 [0x00D29CAF+1154223]
Ordinal0 [0x00D59ADF+1350367]
Ordinal0 [0x00D5974A+1349450]
Ordinal0 [0x00D555AB+1332651]
Ordinal0 [0x00D32104+1188100]
Ordinal0 [0x00D32F59+1191769]
GetHandleVerifier [0x00FF2266+1549718]
GetHandleVerifier [0x0109D4A7+2250711]
GetHandleVerifier [0x00EF718B+521403]
GetHandleVerifier [0x00EF6229+517465]
Ordinal0 [0x00E0B79D+2078621]
Ordinal0 [0x00E0FB58+2095960]
Ordinal0 [0x00E0FC92+2096274]
Ordinal0 [0x00E19541+2135361]
BaseThreadInitThunk [0x76AC6739+25]
RtlGetFullPathName_UEx [0x77698AFF+1215]
RtlGetFullPathName_UEx [0x77698ACD+1165]

at org.openqa.selenium.remote.W3CHandshakeResponse.lambda$errorHandler$0(W3CHandshakeResponse.java:62)
at org.openqa.selenium.remote.HandshakeResponse.lambda$getResponseFunction$0(HandshakeResponse.java:30)
at org.openqa.selenium.remote.ProtocolHandshake.lambda$createSession$0(ProtocolHandshake.java:126)
at java.base/java.util.stream.ReferencePipeline$3$1.accept(ReferencePipeline.java:197)
at java.base/java.util.Spliterators$ArraySpliterator.tryAdvance(Spliterators.java:958)
at java.base/java.util.stream.ReferencePipeline.forEachWithCancel(ReferencePipeline.java:129)
at java.base/java.util.stream.AbstractPipeline.copyIntoWithCancel(AbstractPipeline.java:502)
at java.base/java.util.stream.AbstractPipeline.copyInto(AbstractPipeline.java:488)
at java.base/java.util.stream.AbstractPipeline.wrapAndCopyInto(AbstractPipeline.java:474)
at java.base/java.util.stream.FindOps$FindOp.evaluateSequential(FindOps.java:150)
at java.base/java.util.stream.AbstractPipeline.evaluate(AbstractPipeline.java:234)
at java.base/java.util.stream.ReferencePipeline.findFirst(ReferencePipeline.java:647)
at org.openqa.selenium.remote.ProtocolHandshake.createSession(ProtocolHandshake.java:128)
at org.openqa.selenium.remote.ProtocolHandshake.createSession(ProtocolHandshake.java:74)
at org.openqa.selenium.remote.HttpCommandExecutor.execute(HttpCommandExecutor.java:136)
at org.openqa.selenium.remote.service.DriverCommandExecutor.execute(DriverCommandExecutor.java:83)
at org.openqa.selenium.remote.RemoteWebDriver.execute(RemoteWebDriver.java:552)
at org.openqa.selenium.remote.RemoteWebDriver.startSession(RemoteWebDriver.java:213)
at org.openqa.selenium.remote.RemoteWebDriver.<init>(RemoteWebDriver.java:131)
at org.openqa.selenium.chrome.ChromeDriver.<init>(ChromeDriver.java:181)
at org.openqa.selenium.chrome.ChromeDriver.<init>(ChromeDriver.java:168)
at org.openqa.selenium.chrome.ChromeDriver.<init>(ChromeDriver.java:123)
at adactin.Adactintestng.beforeClass(Adactintestng.java:87)
at java.base/java.util.ArrayList.forEach(ArrayList.java:1511)
... Removed 30 stack frames]]>
    </failure>
  </testcase> <!-- @BeforeClass beforeClass -->
  <testcase classname="adactin.Adactintestng" name="@AfterClass afterClass" time="-1.637242168926E9">
    <skipped/>
  </testcase> <!-- @AfterClass afterClass -->
  <testcase classname="adactin.AAdactintestng" name="newregistration" time="0.0">
    <skipped/>
  </testcase> <!-- newregistration -->
  <testcase classname="adactin.AAdactintestng" name="login" time="0.0">
    <skipped/>
  </testcase> <!-- login -->
  <testcase classname="adactin.AAdactintestng" name="Searchhotel" time="0.0">
    <skipped/>
  </testcase> <!-- Searchhotel -->
  <testcase classname="adactin.AAdactintestng" name="selecthotel" time="0.0">
    <skipped/>
  </testcase> <!-- selecthotel -->
  <testcase classname="adactin.AAdactintestng" name="bookhotel" time="0.0">
    <skipped/>
  </testcase> <!-- bookhotel -->
  <testcase classname="adactin.Adactintestng" name="newregistration" time="0.0">
    <skipped/>
  </testcase> <!-- newregistration -->
  <testcase classname="adactin.Adactintestng" name="login" time="0.0">
    <skipped/>
  </testcase> <!-- login -->
  <testcase classname="adactin.Adactintestng" name="Searchhotel" time="0.0">
    <skipped/>
  </testcase> <!-- Searchhotel -->
  <testcase classname="adactin.Adactintestng" name="selecthotel" time="0.0">
    <skipped/>
  </testcase> <!-- selecthotel -->
  <testcase classname="adactin.Adactintestng" name="bookhotel" time="0.0">
    <skipped/>
  </testcase> <!-- bookhotel -->
</testsuite> <!-- Test -->
